TN:
SF:lib\agents\base-agent.ts
FN:40,(anonymous_21)
FN:45,BaseAgent
FN:55,(anonymous_23)
FN:59,(anonymous_24)
FN:63,(anonymous_25)
FN:67,(anonymous_26)
FN:71,(anonymous_27)
FN:75,(anonymous_28)
FN:83,(anonymous_31)
FN:91,(anonymous_34)
FNF:10
FNH:10
FNDA:3,(anonymous_21)
FNDA:86,BaseAgent
FNDA:4,(anonymous_23)
FNDA:1,(anonymous_24)
FNDA:1,(anonymous_25)
FNDA:3,(anonymous_26)
FNDA:3,(anonymous_27)
FNDA:10,(anonymous_28)
FNDA:2,(anonymous_31)
FNDA:19,(anonymous_34)
DA:1,3
DA:40,3
DA:46,86
DA:47,86
DA:51,86
DA:52,86
DA:55,3
DA:56,4
DA:59,3
DA:60,1
DA:63,3
DA:64,1
DA:67,3
DA:68,3
DA:71,3
DA:72,3
DA:75,3
DA:76,10
DA:77,1
DA:79,18
DA:80,9
DA:83,3
DA:84,2
DA:85,1
DA:87,2
DA:88,1
DA:91,3
DA:92,24
DA:93,28
DA:96,19
DA:98,19
DA:99,13
DA:108,6
DA:122,3
LF:34
LH:34
BRDA:46,0,0,86
BRDA:46,0,1,86
BRDA:49,1,0,86
BRDA:49,1,1,2
BRDA:68,2,0,3
BRDA:68,2,1,0
BRDA:68,3,0,3
BRDA:68,3,1,3
BRDA:72,4,0,3
BRDA:72,4,1,0
BRDA:76,5,0,1
BRDA:84,6,0,1
BRDA:92,7,0,5
BRDA:110,8,0,6
BRDA:110,8,1,0
BRF:15
BRH:12
end_of_record
TN:
SF:lib\agents\specialized\design-agent.ts
FN:63,(anonymous_21)
FN:69,DesignAgent
FN:87,(anonymous_23)
FN:93,(anonymous_26)
FN:100,(anonymous_29)
FN:104,(anonymous_32)
FN:108,(anonymous_35)
FN:125,(anonymous_38)
FN:128,(anonymous_39)
FN:128,(anonymous_40)
FN:138,(anonymous_42)
FN:145,(anonymous_43)
FN:182,(anonymous_44)
FN:186,(anonymous_45)
FN:210,(anonymous_46)
FN:215,(anonymous_47)
FN:220,(anonymous_48)
FN:225,(anonymous_49)
FN:229,(anonymous_50)
FN:234,(anonymous_51)
FN:246,(anonymous_52)
FN:267,(anonymous_53)
FN:277,(anonymous_54)
FN:287,(anonymous_57)
FN:375,(anonymous_60)
FN:383,(anonymous_61)
FN:387,(anonymous_62)
FN:390,(anonymous_63)
FN:396,(anonymous_64)
FN:399,(anonymous_65)
FN:408,(anonymous_66)
FN:424,(anonymous_69)
FN:450,(anonymous_72)
FN:466,(anonymous_75)
FN:485,(anonymous_78)
FN:490,(anonymous_79)
FN:520,(anonymous_82)
FN:549,(anonymous_85)
FN:599,(anonymous_88)
FN:605,(anonymous_91)
FN:623,(anonymous_92)
FN:634,(anonymous_95)
FN:640,(anonymous_96)
FN:658,(anonymous_97)
FN:662,(anonymous_100)
FN:705,(anonymous_101)
FN:734,(anonymous_102)
FN:740,(anonymous_103)
FN:770,(anonymous_104)
FN:786,(anonymous_105)
FN:812,(anonymous_106)
FN:855,(anonymous_109)
FN:864,(anonymous_110)
FN:865,(anonymous_111)
FN:872,(anonymous_112)
FN:905,(anonymous_113)
FN:917,(anonymous_114)
FN:941,(anonymous_115)
FN:946,(anonymous_116)
FNF:59
FNH:54
FNDA:2,(anonymous_21)
FNDA:64,DesignAgent
FNDA:21,(anonymous_23)
FNDA:8,(anonymous_26)
FNDA:21,(anonymous_29)
FNDA:8,(anonymous_32)
FNDA:13,(anonymous_35)
FNDA:64,(anonymous_38)
FNDA:55,(anonymous_39)
FNDA:55,(anonymous_40)
FNDA:4,(anonymous_42)
FNDA:242,(anonymous_43)
FNDA:737,(anonymous_44)
FNDA:106,(anonymous_45)
FNDA:735,(anonymous_46)
FNDA:4,(anonymous_47)
FNDA:3,(anonymous_48)
FNDA:4,(anonymous_49)
FNDA:14,(anonymous_50)
FNDA:12,(anonymous_51)
FNDA:14,(anonymous_52)
FNDA:224,(anonymous_53)
FNDA:21,(anonymous_54)
FNDA:42,(anonymous_57)
FNDA:126,(anonymous_60)
FNDA:1,(anonymous_61)
FNDA:0,(anonymous_62)
FNDA:0,(anonymous_63)
FNDA:0,(anonymous_64)
FNDA:0,(anonymous_65)
FNDA:124,(anonymous_66)
FNDA:22,(anonymous_69)
FNDA:20,(anonymous_72)
FNDA:11,(anonymous_75)
FNDA:11,(anonymous_78)
FNDA:4,(anonymous_79)
FNDA:4,(anonymous_82)
FNDA:1,(anonymous_85)
FNDA:13,(anonymous_88)
FNDA:12,(anonymous_91)
FNDA:6,(anonymous_92)
FNDA:5,(anonymous_95)
FNDA:5,(anonymous_96)
FNDA:2,(anonymous_97)
FNDA:12,(anonymous_100)
FNDA:12,(anonymous_101)
FNDA:6,(anonymous_102)
FNDA:12,(anonymous_103)
FNDA:0,(anonymous_104)
FNDA:12,(anonymous_105)
FNDA:5,(anonymous_106)
FNDA:254,(anonymous_109)
FNDA:241,(anonymous_110)
FNDA:723,(anonymous_111)
FNDA:112,(anonymous_112)
FNDA:112,(anonymous_113)
FNDA:330,(anonymous_114)
FNDA:10,(anonymous_115)
FNDA:27,(anonymous_116)
DA:1,2
DA:63,2
DA:70,64
DA:81,64
DA:82,64
DA:83,64
DA:84,64
DA:87,2
DA:89,42
DA:90,42
DA:93,2
DA:95,8
DA:96,8
DA:97,8
DA:100,2
DA:101,42
DA:104,2
DA:105,16
DA:108,2
DA:109,13
DA:111,5
DA:113,4
DA:115,2
DA:117,1
DA:119,0
DA:121,1
DA:125,64
DA:126,64
DA:128,55
DA:130,55
DA:140,4
DA:141,4
DA:142,4
DA:143,4
DA:146,242
DA:147,242
DA:149,720
DA:152,240
DA:153,128
DA:154,128
DA:155,128
DA:156,128
DA:160,240
DA:161,1
DA:162,1
DA:163,1
DA:164,1
DA:165,1
DA:169,240
DA:170,111
DA:171,111
DA:172,111
DA:173,111
DA:174,111
DA:175,111
DA:178,240
DA:183,737
DA:184,737
DA:187,106
DA:188,1
DA:199,105
DA:200,105
DA:210,735
DA:211,735
DA:212,735
DA:216,4
DA:219,2
DA:220,3
DA:221,2
DA:224,2
DA:225,4
DA:230,14
DA:231,14
DA:232,14
DA:235,12
DA:244,12
DA:247,14
DA:267,224
DA:268,224
DA:269,224
DA:270,224
DA:277,2
DA:279,42
DA:282,21
DA:283,0
DA:287,2
DA:289,42
DA:375,42
DA:376,126
DA:377,24
DA:379,126
DA:383,2
DA:384,1
DA:387,2
DA:388,0
DA:389,0
DA:390,0
DA:391,0
DA:393,0
DA:396,2
DA:397,0
DA:398,0
DA:399,0
DA:400,0
DA:401,0
DA:402,0
DA:403,0
DA:408,2
DA:409,124
DA:410,124
DA:420,124
DA:421,124
DA:424,2
DA:425,22
DA:426,22
DA:427,2
DA:430,20
DA:434,20
DA:442,20
DA:443,18
DA:445,20
DA:447,20
DA:450,2
DA:452,20
DA:454,11
DA:456,4
DA:458,4
DA:460,1
DA:462,0
DA:466,2
DA:467,11
DA:468,11
DA:469,11
DA:471,11
DA:482,11
DA:485,2
DA:487,11
DA:490,2
DA:491,4
DA:492,4
DA:494,4
DA:517,4
DA:520,2
DA:521,4
DA:522,4
DA:524,4
DA:546,4
DA:549,2
DA:550,1
DA:596,1
DA:599,2
DA:600,13
DA:601,13
DA:602,1
DA:605,12
DA:606,12
DA:607,0
DA:611,12
DA:623,2
DA:624,6
DA:625,6
DA:626,0
DA:629,6
DA:630,6
DA:631,1
DA:634,5
DA:635,5
DA:636,0
DA:639,5
DA:640,5
DA:643,5
DA:644,5
DA:645,5
DA:651,5
DA:654,5
DA:655,5
DA:658,2
DA:659,2
DA:662,2
DA:663,12
DA:664,12
DA:667,12
DA:668,3
DA:669,3
DA:674,3
DA:675,3
DA:676,3
DA:681,12
DA:682,3
DA:683,3
DA:684,0
DA:685,0
DA:690,12
DA:691,6
DA:692,6
DA:693,0
DA:694,0
DA:698,12
DA:705,2
DA:706,12
DA:707,12
DA:710,12
DA:711,6
DA:712,6
DA:713,6
DA:715,6
DA:716,6
DA:721,12
DA:722,0
DA:723,0
DA:724,0
DA:725,0
DA:726,0
DA:728,0
DA:729,0
DA:733,12
DA:734,6
DA:740,2
DA:741,12
DA:742,12
DA:745,12
DA:746,3
DA:747,3
DA:749,3
DA:750,0
DA:751,0
DA:756,12
DA:757,3
DA:758,3
DA:760,3
DA:761,0
DA:762,0
DA:767,12
DA:768,0
DA:769,0
DA:770,0
DA:773,0
DA:774,0
DA:775,0
DA:779,12
DA:786,2
DA:787,12
DA:790,12
DA:792,6
DA:793,6
DA:794,6
DA:796,3
DA:797,3
DA:798,3
DA:800,3
DA:801,3
DA:802,3
DA:804,0
DA:805,0
DA:806,0
DA:809,12
DA:812,2
DA:813,5
DA:816,5
DA:817,1
DA:819,0
DA:823,0
DA:824,0
DA:833,5
DA:834,3
DA:836,3
DA:837,0
DA:843,5
DA:844,0
DA:846,0
DA:847,0
DA:852,5
DA:855,2
DA:856,254
DA:857,254
DA:864,2
DA:865,241
DA:866,723
DA:867,723
DA:869,241
DA:872,2
DA:873,112
DA:874,112
DA:875,112
DA:877,112
DA:878,112
DA:879,112
DA:880,112
DA:881,112
DA:883,112
DA:884,110
DA:885,110
DA:887,110
DA:889,2
DA:890,2
DA:892,0
DA:893,0
DA:895,108
DA:896,108
DA:899,110
DA:902,112
DA:905,2
DA:906,112
DA:907,112
DA:908,112
DA:910,112
DA:911,112
DA:912,112
DA:914,112
DA:915,2
DA:917,110
DA:918,330
DA:919,330
DA:920,330
DA:921,328
DA:922,218
DA:923,110
DA:926,110
DA:927,110
DA:929,110
DA:930,110
DA:931,110
DA:934,112
DA:941,2
DA:942,10
DA:943,10
DA:945,27
DA:946,9
DA:947,27
DA:948,27
DA:951,9
DA:953,2
LF:332
LH:281
BRDA:70,0,0,64
BRDA:70,0,1,0
BRDA:101,1,0,21
BRDA:105,2,0,8
BRDA:109,3,0,5
BRDA:109,3,1,4
BRDA:109,3,2,2
BRDA:109,3,3,1
BRDA:109,3,4,0
BRDA:109,3,5,1
BRDA:147,4,0,2
BRDA:152,5,0,128
BRDA:160,6,0,1
BRDA:169,7,0,111
BRDA:187,8,0,1
BRDA:216,9,0,2
BRDA:216,10,0,4
BRDA:216,10,1,3
BRDA:221,11,0,0
BRDA:231,12,0,13
BRDA:231,12,1,1
BRDA:282,13,0,0
BRDA:376,14,0,24
BRDA:384,15,0,1
BRDA:384,15,1,1
BRDA:391,16,0,0
BRDA:400,17,0,0
BRDA:413,18,0,124
BRDA:413,18,1,0
BRDA:426,19,0,2
BRDA:442,20,0,18
BRDA:452,21,0,11
BRDA:452,21,1,4
BRDA:452,21,2,4
BRDA:452,21,3,1
BRDA:452,21,4,0
BRDA:491,22,0,4
BRDA:491,22,1,0
BRDA:552,23,0,1
BRDA:552,23,1,0
BRDA:601,24,0,1
BRDA:606,25,0,0
BRDA:625,26,0,0
BRDA:630,27,0,1
BRDA:635,28,0,0
BRDA:659,29,0,2
BRDA:659,29,1,1
BRDA:667,30,0,3
BRDA:674,31,0,3
BRDA:681,32,0,3
BRDA:683,33,0,0
BRDA:690,34,0,6
BRDA:692,35,0,0
BRDA:699,36,0,9
BRDA:699,36,1,3
BRDA:710,37,0,6
BRDA:712,38,0,6
BRDA:712,38,1,0
BRDA:712,39,0,0
BRDA:712,39,1,6
BRDA:712,40,0,6
BRDA:712,40,1,6
BRDA:715,41,0,6
BRDA:721,42,0,0
BRDA:728,43,0,0
BRDA:745,44,0,3
BRDA:747,45,0,3
BRDA:747,45,1,0
BRDA:749,46,0,0
BRDA:756,47,0,3
BRDA:760,48,0,0
BRDA:767,49,0,0
BRDA:773,50,0,0
BRDA:780,51,0,12
BRDA:780,51,1,0
BRDA:790,52,0,6
BRDA:790,52,1,3
BRDA:790,52,2,3
BRDA:790,52,3,0
BRDA:816,53,0,1
BRDA:817,54,0,0
BRDA:823,55,0,0
BRDA:833,56,0,3
BRDA:834,57,0,3
BRDA:836,58,0,0
BRDA:843,59,0,0
BRDA:844,60,0,0
BRDA:846,61,0,0
BRDA:857,62,0,250
BRDA:857,62,1,4
BRDA:867,63,0,34
BRDA:867,63,1,689
BRDA:883,64,0,110
BRDA:885,65,0,108
BRDA:885,65,1,2
BRDA:887,66,0,2
BRDA:887,66,1,0
BRDA:887,66,2,108
BRDA:889,67,0,0
BRDA:889,67,1,2
BRDA:914,68,0,2
BRDA:914,68,1,110
BRDA:918,69,0,55
BRDA:919,70,0,54
BRDA:920,71,0,2
BRDA:921,72,0,110
BRDA:922,73,0,108
BRDA:926,74,0,0
BRDA:926,74,1,110
BRDA:943,75,0,1
BRDA:948,76,0,9
BRDA:948,76,1,18
BRF:112
BRH:77
end_of_record
